SimpleAndroidApp/Application/build/outputs/logs/manifest-merger-debug-report.txt
-- Merging decision tree log ---
manifest
ADDED from src\main\AndroidManifest.xml:17:1-48:12
	package
		ADDED from src\main\AndroidManifest.xml:18:5-52
	android:versionName
		ADDED from src\main\AndroidManifest.xml:20:5-30
		INJECTED from src\main\AndroidManifest.xml
		INJECTED from src\main\AndroidManifest.xml
	android:versionCode
		ADDED from src\main\AndroidManifest.xml:19:5-28
		INJECTED from src\main\AndroidManifest.xml
		INJECTED from src\main\AndroidManifest.xml
	xmlns:android
		ADDED from src\main\AndroidManifest.xml:17:11-69
application
ADDED from src\main\AndroidManifest.xml:33:5-46:19
MERGED from [com.android.support:support-v4:24.1.1] AndroidManifest.xml:25:5-20
MERGED from [com.android.support:support-v13:24.1.1] AndroidManifest.xml:25:5-20
MERGED from [com.android.support:support-v4:24.1.1] AndroidManifest.xml:25:5-20
MERGED from [com.android.support:cardview-v7:24.1.1] AndroidManifest.xml:22:5-20
MERGED from [com.android.support:appcompat-v7:24.1.1] AndroidManifest.xml:25:5-20
MERGED from [com.android.support:animated-vector-drawable:24.1.1] AndroidManifest.xml:22:5-20
MERGED from [com.android.support:support-vector-drawable:24.1.1] AndroidManifest.xml:23:5-20
MERGED from [com.android.support:support-v4:24.1.1] AndroidManifest.xml:25:5-20
MERGED from [com.android.support:support-v4:24.1.1] AndroidManifest.xml:25:5-20
MERGED from [com.android.support:support-vector-drawable:24.1.1] AndroidManifest.xml:23:5-20
MERGED from [com.android.support:support-v4:24.1.1] AndroidManifest.xml:25:5-20
	android:label
		ADDED from src\main\AndroidManifest.xml:33:18-50
	android:allowBackup
		ADDED from src\main\AndroidManifest.xml:36:9-35
	android:icon
		ADDED from src\main\AndroidManifest.xml:34:9-45
	android:theme
		ADDED from src\main\AndroidManifest.xml:35:9-44
activity#com.example.android.borderlessbuttons.MainActivity
ADDED from src\main\AndroidManifest.xml:38:9-44:20
	android:label
		ADDED from src\main\AndroidManifest.xml:39:13-45
	android:name
		ADDED from src\main\AndroidManifest.xml:38:19-47
intent-filter#android.intent.action.MAIN+android.intent.category.LAUNCHER
ADDED from src\main\AndroidManifest.xml:40:13-43:29
action#android.intent.action.MAIN
ADDED from src\main\AndroidManifest.xml:41:17-69
	android:name
		ADDED from src\main\AndroidManifest.xml:41:25-66
category#android.intent.category.LAUNCHER
ADDED from src\main\AndroidManifest.xml:42:17-77
	android:name
		ADDED from src\main\AndroidManifest.xml:42:27-74
uses-sdk
INJECTED from src\main\AndroidManifest.xml reason: use-sdk injection requested
MERGED from [com.android.support:support-v4:24.1.1] AndroidManifest.xml:21:5-23:54
MERGED from [com.android.support:support-v13:24.1.1] AndroidManifest.xml:21:5-23:55
MERGED from [com.android.support:support-v4:24.1.1] AndroidManifest.xml:21:5-23:54
MERGED from [com.android.support:cardview-v7:24.1.1] AndroidManifest.xml:20:5-43
MERGED from [com.android.support:appcompat-v7:24.1.1] AndroidManifest.xml:21:5-23:78
MERGED from [com.android.support:animated-vector-drawable:24.1.1] AndroidManifest.xml:20:5-44
MERGED from [com.android.support:support-vector-drawable:24.1.1] AndroidManifest.xml:21:5-43
MERGED from [com.android.support:support-v4:24.1.1] AndroidManifest.xml:21:5-23:54
MERGED from [com.android.support:support-v4:24.1.1] AndroidManifest.xml:21:5-23:54
MERGED from [com.android.support:support-vector-drawable:24.1.1] AndroidManifest.xml:21:5-43
MERGED from [com.android.support:support-v4:24.1.1] AndroidManifest.xml:21:5-23:54
	tools:overrideLibrary
		ADDED from [com.android.support:support-v4:24.1.1] AndroidManifest.xml:23:9-51
	android:targetSdkVersion
		INJECTED from src\main\AndroidManifest.xml
		INJECTED from src\main\AndroidManifest.xml
	android:minSdkVersion
		INJECTED from src\main\AndroidManifest.xml
		INJECTED from src\main\AndroidManifest.xml